
Showing logs for build [32mm-ayman-jenkins-go-master-fq2sf-1[0m stage [32mfrom-build-pack[0m and container [32mcredential-initializer[0m
{"level":"info","ts":1600095221.1582398,"caller":"creds-init/main.go:44","msg":"Credentials initialized."}

Showing logs for build [32mm-ayman-jenkins-go-master-fq2sf-1[0m stage [32mfrom-build-pack[0m and container [32mworking-dir-initializer[0m

Showing logs for build [32mm-ayman-jenkins-go-master-fq2sf-1[0m stage [32mfrom-build-pack[0m and container [32mplace-tools[0m

Showing logs for build [32mm-ayman-jenkins-go-master-fq2sf-1[0m stage [32mfrom-build-pack[0m and container [32mstep-git-source-m-ayman-jenkins-go-master-fq2sf-xxjbw[0m
{"level":"info","ts":1600095234.0002253,"caller":"git/git.go:105","msg":"Successfully cloned https://github.com/*******/jenkins-go.git @ v0.0.2 in path /workspace/source"}
{"level":"warn","ts":1600095234.000315,"caller":"git/git.go:152","msg":"Unexpected error: creating symlink: symlink /tekton/home/.ssh /root/.ssh: file exists"}
{"level":"info","ts":1600095234.0527425,"caller":"git/git.go:133","msg":"Successfully initialized and updated submodules in path /workspace/source"}

Showing logs for build [32mm-ayman-jenkins-go-master-fq2sf-1[0m stage [32mfrom-build-pack[0m and container [32mstep-setup-builder-home[0m

Showing logs for build [32mm-ayman-jenkins-go-master-fq2sf-1[0m stage [32mfrom-build-pack[0m and container [32mstep-git-merge[0m
Using SHAs from PULL_REFS=master:
WARNING: no SHAs to merge, falling back to initial cloned commit

Showing logs for build [32mm-ayman-jenkins-go-master-fq2sf-1[0m stage [32mfrom-build-pack[0m and container [32mstep-setup-jx-git-credentials[0m
Generated Git credentials file /workspace/xdg_config/git/credentials

Showing logs for build [32mm-ayman-jenkins-go-master-fq2sf-1[0m stage [32mfrom-build-pack[0m and container [32mstep-build-make-build[0m
CGO_ENABLED=0 GO15VENDOREXPERIMENT=1 go build -ldflags '' -o bin/jenkins-go main.go

Showing logs for build [32mm-ayman-jenkins-go-master-fq2sf-1[0m stage [32mfrom-build-pack[0m and container [32mstep-build-container-build[0m
E0914 14:54:00.947102      10 aws_credentials.go:77] while getting AWS credentials NoCredentialProviders: no valid providers in chain. Deprecated.
	For verbose messaging see aws.Config.CredentialsChainVerboseErrors
[36mINFO[0m[0001] Using dockerignore file: /workspace/source/.dockerignore 
[36mINFO[0m[0001] No base image, nothing to extract            
[36mINFO[0m[0001] Built cross stage deps: map[]                
[36mINFO[0m[0001] No base image, nothing to extract            
[36mINFO[0m[0001] Executing 0 build triggers                   
[36mINFO[0m[0001] cmd: EXPOSE                                  
[36mINFO[0m[0001] Adding exposed port: 8080/tcp                
[36mINFO[0m[0001] Checking for cached layer gcr.io/rapid-smithy-200420/cache:fa9ec51373ce2c68645711a9ee3162c3eb89bfaa6868a70c5ba67a046126fc8f... 
[36mINFO[0m[0002] No cached layer found for cmd COPY ./bin/ /  
[36mINFO[0m[0002] Unpacking rootfs as cmd COPY ./bin/ / requires it. 
[36mINFO[0m[0002] EXPOSE 8080                                  
[36mINFO[0m[0002] cmd: EXPOSE                                  
[36mINFO[0m[0002] Adding exposed port: 8080/tcp                
[36mINFO[0m[0002] No files changed in this command, skipping snapshotting. 
[36mINFO[0m[0002] ENTRYPOINT ["/jenkins-go"]                   
[36mINFO[0m[0002] No files changed in this command, skipping snapshotting. 
[36mINFO[0m[0002] COPY ./bin/ /                                
[36mINFO[0m[0002] Resolving 2 paths                            
[36mINFO[0m[0002] Taking snapshot of files...                  
[36mINFO[0m[0002] Pushing layer gcr.io/rapid-smithy-200420/cache:fa9ec51373ce2c68645711a9ee3162c3eb89bfaa6868a70c5ba67a046126fc8f to cache now 

Showing logs for build [32mm-ayman-jenkins-go-master-fq2sf-1[0m stage [32mfrom-build-pack[0m and container [32mstep-build-post-build[0m
no CVE provider running in the current ** namespace so skip adding image to be analysed

Showing logs for build [32mm-ayman-jenkins-go-master-fq2sf-1[0m stage [32mfrom-build-pack[0m and container [32mstep-promote-changelog[0m
Converted /workspace/source/charts/jenkins-go to an unshallow repository
Generating change log from git ref 20da5d4cb52d3d7571ae854e0ab46c6c75e9952c => 08643c21c7da1a5c24cba16be0a3d583c67bb185
WARNING: No release found for *******/jenkins-go and tag v0.0.2 so creating a new release
Updated the release information at https://github.com/*******/jenkins-go/releases/tag/v0.0.2
generated: /workspace/source/charts/jenkins-go/templates/release.yaml
Created Release jenkins-go-0-0-2 resource in namespace **
Updating PipelineActivity m-ayman-jenkins-go-master-1 with version 0.0.2
Updated PipelineActivities m-ayman-jenkins-go-master-1 with release notes URL: https://github.com/*******/jenkins-go/releases/tag/v0.0.2

Showing logs for build [32mm-ayman-jenkins-go-master-fq2sf-1[0m stage [32mfrom-build-pack[0m and container [32mstep-promote-helm-release[0m
WARNING: No $CHART_REPOSITORY defined so using the default value of: http://jenkins-x-chartmuseum:8080
Adding missing Helm repo: storage.googleapis.com https://storage.googleapis.com/chartmuseum.jenkins-x.io
Successfully added Helm repository storage.googleapis.com.
Adding missing Helm repo: jenkins-x-chartmuseum http://jenkins-x-chartmuseum:8080
Successfully added Helm repository jenkins-x-chartmuseum.
WARNING: No $CHART_REPOSITORY defined so using the default value of: http://jenkins-x-chartmuseum:8080
Uploading chart file jenkins-go-0.0.2.tgz to http://jenkins-x-chartmuseum:8080/api/charts
Received 201 response: {"saved":true}

Showing logs for build [32mm-ayman-jenkins-go-master-fq2sf-1[0m stage [32mfrom-build-pack[0m and container [32mstep-promote-jx-promote[0m
WARNING: prow based install so skip waiting for the merge of Pull Requests to go green as currently there is an issue with gettingstatuses from the PR, see https://github.com/jenkins-x/**/issues/2410
WARNING: No $CHART_REPOSITORY defined so using the default value of: http://jenkins-x-chartmuseum:8080
Promoting app jenkins-go version 0.0.2 to namespace **-staging
Created Pull Request: https://github.com/*******/environment-glasswall-staging/pull/1
Added label updatebot to Pull Request https://github.com/*******/environment-glasswall-staging/pull/1
got git provider status pending from PR https://github.com/*******/environment-glasswall-staging/pull/1
got git provider status pending from PR https://github.com/*******/environment-glasswall-staging/pull/1
got git provider status pending from PR https://github.com/*******/environment-glasswall-staging/pull/1
Pull Request https://github.com/*******/environment-glasswall-staging/pull/1 is merged at sha 41b3bd007bdffa122caac61b188f65d52b889bf4
Pull Request merged but we are not waiting for the update pipeline to complete!
WARNING: Could not find the service URL in namespace **-staging for names jenkins-go, **-jenkins-go, **-staging-jenkins-go
